<?xml version="1.0" encoding="UTF-8"?>
<testsuite name="org.example.service.TodoServiceTest" tests="3" skipped="0" failures="0" errors="0" timestamp="2021-07-19T09:09:25" hostname="DESKTOP-LLJ3MSB" time="0.874">
  <properties/>
  <testcase name="todoAdd()" classname="org.example.service.TodoServiceTest" time="0.834"/>
  <testcase name="searchByID()" classname="org.example.service.TodoServiceTest" time="0.024"/>
  <testcase name="searchByIdFailed()" classname="org.example.service.TodoServiceTest" time="0.012"/>
  <system-out><![CDATA[]]></system-out>
  <system-err><![CDATA[]]></system-err>
</testsuite>
